timestamp: 2019-02-12T22:59:39.224000
CREATE TABLE "auth_user"(
    "id" INTEGER PRIMARY KEY AUTOINCREMENT,
    "first_name" CHAR(128),
    "last_name" CHAR(128),
    "email" CHAR(512),
    "username" CHAR(128),
    "password" CHAR(512),
    "registration_key" CHAR(512),
    "reset_password_key" CHAR(512),
    "registration_id" CHAR(512)
);
success!
timestamp: 2019-02-12T22:59:39.383000
CREATE TABLE "auth_group"(
    "id" INTEGER PRIMARY KEY AUTOINCREMENT,
    "role" CHAR(512),
    "description" TEXT
);
success!
timestamp: 2019-02-12T22:59:39.530000
CREATE TABLE "auth_membership"(
    "id" INTEGER PRIMARY KEY AUTOINCREMENT,
    "user_id" INTEGER REFERENCES "auth_user" ("id") ON DELETE CASCADE  ,
    "group_id" INTEGER REFERENCES "auth_group" ("id") ON DELETE CASCADE  
);
success!
timestamp: 2019-02-12T22:59:39.666000
CREATE TABLE "auth_permission"(
    "id" INTEGER PRIMARY KEY AUTOINCREMENT,
    "group_id" INTEGER REFERENCES "auth_group" ("id") ON DELETE CASCADE  ,
    "name" CHAR(512),
    "table_name" CHAR(512),
    "record_id" INTEGER
);
success!
timestamp: 2019-02-12T22:59:39.805000
CREATE TABLE "auth_event"(
    "id" INTEGER PRIMARY KEY AUTOINCREMENT,
    "time_stamp" TIMESTAMP,
    "client_ip" CHAR(512),
    "user_id" INTEGER REFERENCES "auth_user" ("id") ON DELETE CASCADE  ,
    "origin" CHAR(512),
    "description" TEXT
);
success!
timestamp: 2019-02-12T22:59:40.009000
CREATE TABLE "auth_cas"(
    "id" INTEGER PRIMARY KEY AUTOINCREMENT,
    "user_id" INTEGER REFERENCES "auth_user" ("id") ON DELETE CASCADE  ,
    "created_on" TIMESTAMP,
    "service" CHAR(512),
    "ticket" CHAR(512),
    "renew" CHAR(1)
);
success!
timestamp: 2019-02-12T22:59:40.109000
CREATE TABLE "category"(
    "id" INTEGER PRIMARY KEY AUTOINCREMENT,
    "name" CHAR(512) UNIQUE
);
success!
timestamp: 2019-02-12T22:59:40.256000
CREATE TABLE "authors"(
    "id" INTEGER PRIMARY KEY AUTOINCREMENT,
    "name" CHAR(512) UNIQUE,
    "aboutauthor" TEXT
);
success!
timestamp: 2019-02-12T22:59:40.387000
CREATE TABLE "books"(
    "id" INTEGER PRIMARY KEY AUTOINCREMENT,
    "category" INTEGER REFERENCES "category" ("id") ON DELETE CASCADE  ,
    "author" INTEGER REFERENCES "authors" ("id") ON DELETE CASCADE  ,
    "title" CHAR(512),
    "file" CHAR(512),
    "aboutbook" TEXT,
    "price" DOUBLE
);
success!
timestamp: 2019-02-12T22:59:40.508000
CREATE TABLE "commt"(
    "id" INTEGER PRIMARY KEY AUTOINCREMENT,
    "books" INTEGER REFERENCES "books" ("id") ON DELETE CASCADE  ,
    "parent_commt" INTEGER REFERENCES "commt" ("id") ON DELETE CASCADE  ,
    "comment" TEXT,
    "is_active" CHAR(1),
    "created_on" TIMESTAMP,
    "created_by" INTEGER REFERENCES "auth_user" ("id") ON DELETE CASCADE  ,
    "modified_on" TIMESTAMP,
    "modified_by" INTEGER REFERENCES "auth_user" ("id") ON DELETE CASCADE  
);
success!
